This file contains any messages produced by compilers while
running configure, to aid debugging if configure makes a mistake.

It was created by HarfBuzz configure 2.7.4, which was
generated by GNU Autoconf 2.69.  Invocation command line was

  $ ./configure 

## --------- ##
## Platform. ##
## --------- ##

hostname = mlxprojects
uname -m = x86_64
uname -r = 5.4.0-66-generic
uname -s = Linux
uname -v = #74~18.04.2-Ubuntu SMP Fri Feb 5 11:17:31 UTC 2021

/usr/bin/uname -p = unknown
/bin/uname -X     = unknown

/bin/arch              = unknown
/usr/bin/arch -k       = unknown
/usr/convex/getsysinfo = unknown
/usr/bin/hostinfo      = unknown
/bin/machine           = unknown
/usr/bin/oslevel       = unknown
/bin/universe          = unknown

PATH: /usr/local/sbin
PATH: /usr/local/bin
PATH: /usr/sbin
PATH: /usr/bin
PATH: /sbin
PATH: /bin
PATH: /usr/games
PATH: /usr/local/games
PATH: /snap/bin


## ----------- ##
## Core tests. ##
## ----------- ##

configure:2928: checking for a BSD-compatible install
configure:2996: result: /usr/bin/install -c
configure:3007: checking whether build environment is sane
configure:3062: result: yes
configure:3213: checking for a thread-safe mkdir -p
configure:3252: result: /bin/mkdir -p
configure:3259: checking for gawk
configure:3289: result: no
configure:3259: checking for mawk
configure:3275: found /usr/bin/mawk
configure:3286: result: mawk
configure:3297: checking whether make sets $(MAKE)
configure:3319: result: yes
configure:3348: checking whether make supports nested variables
configure:3365: result: yes
configure:3445: checking whether UID '1000' is supported by ustar format
configure:3448: result: yes
configure:3455: checking whether GID '1000' is supported by ustar format
configure:3458: result: yes
configure:3466: checking how to create a ustar tar archive
configure:3477: tar --version
tar (GNU tar) 1.29
Copyright (C) 2015 Free Software Foundation, Inc.
License GPLv3+: GNU GPL version 3 or later <http://gnu.org/licenses/gpl.html>.
This is free software: you are free to change and redistribute it.
There is NO WARRANTY, to the extent permitted by law.

Written by John Gilmore and Jay Fenlason.
configure:3480: $? = 0
configure:3520: tardir=conftest.dir && eval tar --format=ustar -chf - "$tardir" >conftest.tar
configure:3523: $? = 0
configure:3527: tar -xf - <conftest.tar
configure:3530: $? = 0
configure:3532: cat conftest.dir/file
GrepMe
configure:3535: $? = 0
configure:3548: result: gnutar
configure:3609: checking whether make supports nested variables
configure:3626: result: yes
configure:3637: checking for a sed that does not truncate output
configure:3701: result: /bin/sed
configure:3719: checking whether to build with code coverage support
configure:3739: result: no
configure:4090: checking for style of include used by make
configure:4118: result: GNU
configure:4189: checking for gcc
configure:4205: found /usr/bin/gcc
configure:4216: result: gcc
configure:4445: checking for C compiler version
configure:4454: gcc --version >&5
gcc (Ubuntu 7.5.0-3ubuntu1~18.04) 7.5.0
Copyright (C) 2017 Free Software Foundation, Inc.
This is free software; see the source for copying conditions.  There is NO
warranty; not even for MERCHANTABILITY or FITNESS FOR A PARTICULAR PURPOSE.

configure:4465: $? = 0
configure:4454: gcc -v >&5
Using built-in specs.
COLLECT_GCC=gcc
COLLECT_LTO_WRAPPER=/usr/lib/gcc/x86_64-linux-gnu/7/lto-wrapper
OFFLOAD_TARGET_NAMES=nvptx-none
OFFLOAD_TARGET_DEFAULT=1
Target: x86_64-linux-gnu
Configured with: ../src/configure -v --with-pkgversion='Ubuntu 7.5.0-3ubuntu1~18.04' --with-bugurl=file:///usr/share/doc/gcc-7/README.Bugs --enable-languages=c,ada,c++,go,brig,d,fortran,objc,obj-c++ --prefix=/usr --with-gcc-major-version-only --program-suffix=-7 --program-prefix=x86_64-linux-gnu- --enable-shared --enable-linker-build-id --libexecdir=/usr/lib --without-included-gettext --enable-threads=posix --libdir=/usr/lib --enable-nls --enable-bootstrap --enable-clocale=gnu --enable-libstdcxx-debug --enable-libstdcxx-time=yes --with-default-libstdcxx-abi=new --enable-gnu-unique-object --disable-vtable-verify --enable-libmpx --enable-plugin --enable-default-pie --with-system-zlib --with-target-system-zlib --enable-objc-gc=auto --enable-multiarch --disable-werror --with-arch-32=i686 --with-abi=m64 --with-multilib-list=m32,m64,mx32 --enable-multilib --with-tune=generic --enable-offload-targets=nvptx-none --without-cuda-driver --enable-checking=release --build=x86_64-linux-gnu --host=x86_64-linux-gnu --target=x86_64-linux-gnu
Thread model: posix
gcc version 7.5.0 (Ubuntu 7.5.0-3ubuntu1~18.04) 
configure:4465: $? = 0
configure:4454: gcc -V >&5
gcc: error: unrecognized command line option '-V'
gcc: fatal error: no input files
compilation terminated.
configure:4465: $? = 1
configure:4454: gcc -qversion >&5
gcc: error: unrecognized command line option '-qversion'; did you mean '--version'?
gcc: fatal error: no input files
compilation terminated.
configure:4465: $? = 1
configure:4485: checking whether the C compiler works
configure:4507: gcc    conftest.c  >&5
configure:4511: $? = 0
configure:4559: result: yes
configure:4562: checking for C compiler default output file name
configure:4564: result: a.out
configure:4570: checking for suffix of executables
configure:4577: gcc -o conftest    conftest.c  >&5
configure:4581: $? = 0
configure:4603: result: 
configure:4625: checking whether we are cross compiling
configure:4633: gcc -o conftest    conftest.c  >&5
configure:4637: $? = 0
configure:4644: ./conftest
configure:4648: $? = 0
configure:4663: result: no
configure:4668: checking for suffix of object files
configure:4690: gcc -c   conftest.c >&5
configure:4694: $? = 0
configure:4715: result: o
configure:4719: checking whether we are using the GNU C compiler
configure:4738: gcc -c   conftest.c >&5
configure:4738: $? = 0
configure:4747: result: yes
configure:4756: checking whether gcc accepts -g
configure:4776: gcc -c -g  conftest.c >&5
configure:4776: $? = 0
configure:4817: result: yes
configure:4834: checking for gcc option to accept ISO C89
configure:4897: gcc  -c -g -O2  conftest.c >&5
configure:4897: $? = 0
configure:4910: result: none needed
configure:4935: checking whether gcc understands -c and -o together
configure:4957: gcc -c conftest.c -o conftest2.o
configure:4960: $? = 0
configure:4957: gcc -c conftest.c -o conftest2.o
configure:4960: $? = 0
configure:4972: result: yes
configure:4991: checking dependency style of gcc
configure:5102: result: gcc3
configure:5167: checking for ar
configure:5183: found /usr/bin/ar
configure:5194: result: ar
configure:5220: checking the archiver (ar) interface
configure:5236: gcc -c -g -O2  conftest.c >&5
configure:5236: $? = 0
configure:5238: ar cru libconftest.a conftest.o >&5
ar: `u' modifier ignored since `D' is the default (see `U')
configure:5241: $? = 0
configure:5269: result: ar
configure:5319: checking build system type
configure:5333: result: x86_64-pc-linux-gnu
configure:5353: checking host system type
configure:5366: result: x86_64-pc-linux-gnu
configure:5407: checking how to print strings
configure:5434: result: printf
configure:5455: checking for a sed that does not truncate output
configure:5519: result: /bin/sed
configure:5537: checking for grep that handles long lines and -e
configure:5595: result: /bin/grep
configure:5600: checking for egrep
configure:5662: result: /bin/grep -E
configure:5667: checking for fgrep
configure:5729: result: /bin/grep -F
configure:5764: checking for ld used by gcc
configure:5831: result: /usr/bin/ld
configure:5838: checking if the linker (/usr/bin/ld) is GNU ld
configure:5853: result: yes
configure:5865: checking for BSD- or MS-compatible name lister (nm)
configure:5919: result: /usr/bin/nm -B
configure:6049: checking the name lister (/usr/bin/nm -B) interface
configure:6056: gcc -c -g -O2  conftest.c >&5
configure:6059: /usr/bin/nm -B "conftest.o"
configure:6062: output
0000000000000000 B some_variable
configure:6069: result: BSD nm
configure:6072: checking whether ln -s works
configure:6076: result: yes
configure:6084: checking the maximum length of command line arguments
configure:6215: result: 1572864
configure:6263: checking how to convert x86_64-pc-linux-gnu file names to x86_64-pc-linux-gnu format
configure:6303: result: func_convert_file_noop
configure:6310: checking how to convert x86_64-pc-linux-gnu file names to toolchain format
configure:6330: result: func_convert_file_noop
configure:6337: checking for /usr/bin/ld option to reload object files
configure:6344: result: -r
configure:6418: checking for objdump
configure:6434: found /usr/bin/objdump
configure:6445: result: objdump
configure:6477: checking how to recognize dependent libraries
configure:6677: result: pass_all
configure:6762: checking for dlltool
configure:6792: result: no
configure:6822: checking how to associate runtime and link libraries
configure:6849: result: printf %s\n
configure:6973: checking for archiver @FILE support
configure:6990: gcc -c -g -O2  conftest.c >&5
configure:6990: $? = 0
configure:6993: ar cru libconftest.a @conftest.lst >&5
ar: `u' modifier ignored since `D' is the default (see `U')
configure:6996: $? = 0
configure:7001: ar cru libconftest.a @conftest.lst >&5
ar: `u' modifier ignored since `D' is the default (see `U')
ar: conftest.o: No such file or directory
configure:7004: $? = 1
configure:7016: result: @
configure:7074: checking for strip
configure:7090: found /usr/bin/strip
configure:7101: result: strip
configure:7173: checking for ranlib
configure:7189: found /usr/bin/ranlib
configure:7200: result: ranlib
configure:7302: checking command to parse /usr/bin/nm -B output from gcc object
configure:7455: gcc -c -g -O2  conftest.c >&5
configure:7458: $? = 0
configure:7462: /usr/bin/nm -B conftest.o \| sed -n -e 's/^.*[ ]\([ABCDGIRSTW][ABCDGIRSTW]*\)[ ][ ]*\([_A-Za-z][_A-Za-z0-9]*\)$/\1 \2 \2/p' | sed '/ __gnu_lto/d' \> conftest.nm
configure:7465: $? = 0
configure:7531: gcc -o conftest -g -O2   conftest.c conftstm.o >&5
configure:7534: $? = 0
configure:7572: result: ok
configure:7619: checking for sysroot
configure:7649: result: no
configure:7656: checking for a working dd
configure:7694: result: /bin/dd
configure:7698: checking how to truncate binary pipes
configure:7713: result: /bin/dd bs=4096 count=1
configure:7849: gcc -c -g -O2  conftest.c >&5
configure:7852: $? = 0
configure:8042: checking for mt
configure:8058: found /bin/mt
configure:8069: result: mt
configure:8092: checking if mt is a manifest tool
configure:8098: mt '-?'
configure:8106: result: no
configure:8783: checking how to run the C preprocessor
configure:8814: gcc -E  conftest.c
configure:8814: $? = 0
configure:8828: gcc -E  conftest.c
conftest.c:9:10: fatal error: ac_nonexistent.h: No such file or directory
 #include <ac_nonexistent.h>
          ^~~~~~~~~~~~~~~~~~
compilation terminated.
configure:8828: $? = 1
configure: failed program was:
| /* confdefs.h */
| #define PACKAGE_NAME "HarfBuzz"
| #define PACKAGE_TARNAME "harfbuzz"
| #define PACKAGE_VERSION "2.7.4"
| #define PACKAGE_STRING "HarfBuzz 2.7.4"
| #define PACKAGE_BUGREPORT "https://github.com/harfbuzz/harfbuzz/issues/new"
| #define PACKAGE_URL "http://harfbuzz.org/"
| /* end confdefs.h.  */
| #include <ac_nonexistent.h>
configure:8853: result: gcc -E
configure:8873: gcc -E  conftest.c
configure:8873: $? = 0
configure:8887: gcc -E  conftest.c
conftest.c:9:10: fatal error: ac_nonexistent.h: No such file or directory
 #include <ac_nonexistent.h>
          ^~~~~~~~~~~~~~~~~~
compilation terminated.
configure:8887: $? = 1
configure: failed program was:
| /* confdefs.h */
| #define PACKAGE_NAME "HarfBuzz"
| #define PACKAGE_TARNAME "harfbuzz"
| #define PACKAGE_VERSION "2.7.4"
| #define PACKAGE_STRING "HarfBuzz 2.7.4"
| #define PACKAGE_BUGREPORT "https://github.com/harfbuzz/harfbuzz/issues/new"
| #define PACKAGE_URL "http://harfbuzz.org/"
| /* end confdefs.h.  */
| #include <ac_nonexistent.h>
configure:8916: checking for ANSI C header files
configure:8936: gcc -c -g -O2  conftest.c >&5
configure:8936: $? = 0
configure:9009: gcc -o conftest -g -O2   conftest.c  >&5
configure:9009: $? = 0
configure:9009: ./conftest
configure:9009: $? = 0
configure:9020: result: yes
configure:9033: checking for sys/types.h
configure:9033: gcc -c -g -O2  conftest.c >&5
configure:9033: $? = 0
configure:9033: result: yes
configure:9033: checking for sys/stat.h
configure:9033: gcc -c -g -O2  conftest.c >&5
configure:9033: $? = 0
configure:9033: result: yes
configure:9033: checking for stdlib.h
configure:9033: gcc -c -g -O2  conftest.c >&5
configure:9033: $? = 0
configure:9033: result: yes
configure:9033: checking for string.h
configure:9033: gcc -c -g -O2  conftest.c >&5
configure:9033: $? = 0
configure:9033: result: yes
configure:9033: checking for memory.h
configure:9033: gcc -c -g -O2  conftest.c >&5
configure:9033: $? = 0
configure:9033: result: yes
configure:9033: checking for strings.h
configure:9033: gcc -c -g -O2  conftest.c >&5
configure:9033: $? = 0
configure:9033: result: yes
configure:9033: checking for inttypes.h
configure:9033: gcc -c -g -O2  conftest.c >&5
configure:9033: $? = 0
configure:9033: result: yes
configure:9033: checking for stdint.h
configure:9033: gcc -c -g -O2  conftest.c >&5
configure:9033: $? = 0
configure:9033: result: yes
configure:9033: checking for unistd.h
configure:9033: gcc -c -g -O2  conftest.c >&5
configure:9033: $? = 0
configure:9033: result: yes
configure:9047: checking for dlfcn.h
configure:9047: gcc -c -g -O2  conftest.c >&5
configure:9047: $? = 0
configure:9047: result: yes
configure:9302: checking for objdir
configure:9317: result: .libs
configure:9581: checking if gcc supports -fno-rtti -fno-exceptions
configure:9599: gcc -c -g -O2  -fno-rtti -fno-exceptions conftest.c >&5
cc1: warning: command line option '-fno-rtti' is valid for C++/ObjC++ but not for C
configure:9603: $? = 0
configure:9616: result: no
configure:9974: checking for gcc option to produce PIC
configure:9981: result: -fPIC -DPIC
configure:9989: checking if gcc PIC flag -fPIC -DPIC works
configure:10007: gcc -c -g -O2  -fPIC -DPIC -DPIC conftest.c >&5
configure:10011: $? = 0
configure:10024: result: yes
configure:10053: checking if gcc static flag -static works
configure:10081: result: yes
configure:10096: checking if gcc supports -c -o file.o
configure:10117: gcc -c -g -O2  -o out/conftest2.o conftest.c >&5
configure:10121: $? = 0
configure:10143: result: yes
configure:10151: checking if gcc supports -c -o file.o
configure:10198: result: yes
configure:10231: checking whether the gcc linker (/usr/bin/ld -m elf_x86_64) supports shared libraries
configure:11494: result: yes
configure:11531: checking whether -lc should be explicitly linked in
configure:11539: gcc -c -g -O2  conftest.c >&5
configure:11542: $? = 0
configure:11557: gcc -shared  -fPIC -DPIC conftest.o  -v -Wl,-soname -Wl,conftest -o conftest 2\>\&1 \| /bin/grep  -lc  \>/dev/null 2\>\&1
configure:11560: $? = 0
configure:11574: result: no
configure:11734: checking dynamic linker characteristics
configure:12315: gcc -o conftest -g -O2   -Wl,-rpath -Wl,/foo conftest.c  >&5
configure:12315: $? = 0
configure:12564: result: GNU/Linux ld.so
configure:12686: checking how to hardcode library paths into programs
configure:12711: result: immediate
configure:13259: checking whether stripping libraries is possible
configure:13264: result: yes
configure:13299: checking if libtool supports shared libraries
configure:13301: result: yes
configure:13304: checking whether to build shared libraries
configure:13329: result: yes
configure:13332: checking whether to build static libraries
configure:13336: result: no
configure:13423: checking for gcc
configure:13450: result: gcc
configure:13679: checking for C compiler version
configure:13688: gcc --version >&5
gcc (Ubuntu 7.5.0-3ubuntu1~18.04) 7.5.0
Copyright (C) 2017 Free Software Foundation, Inc.
This is free software; see the source for copying conditions.  There is NO
warranty; not even for MERCHANTABILITY or FITNESS FOR A PARTICULAR PURPOSE.

configure:13699: $? = 0
configure:13688: gcc -v >&5
Using built-in specs.
COLLECT_GCC=gcc
COLLECT_LTO_WRAPPER=/usr/lib/gcc/x86_64-linux-gnu/7/lto-wrapper
OFFLOAD_TARGET_NAMES=nvptx-none
OFFLOAD_TARGET_DEFAULT=1
Target: x86_64-linux-gnu
Configured with: ../src/configure -v --with-pkgversion='Ubuntu 7.5.0-3ubuntu1~18.04' --with-bugurl=file:///usr/share/doc/gcc-7/README.Bugs --enable-languages=c,ada,c++,go,brig,d,fortran,objc,obj-c++ --prefix=/usr --with-gcc-major-version-only --program-suffix=-7 --program-prefix=x86_64-linux-gnu- --enable-shared --enable-linker-build-id --libexecdir=/usr/lib --without-included-gettext --enable-threads=posix --libdir=/usr/lib --enable-nls --enable-bootstrap --enable-clocale=gnu --enable-libstdcxx-debug --enable-libstdcxx-time=yes --with-default-libstdcxx-abi=new --enable-gnu-unique-object --disable-vtable-verify --enable-libmpx --enable-plugin --enable-default-pie --with-system-zlib --with-target-system-zlib --enable-objc-gc=auto --enable-multiarch --disable-werror --with-arch-32=i686 --with-abi=m64 --with-multilib-list=m32,m64,mx32 --enable-multilib --with-tune=generic --enable-offload-targets=nvptx-none --without-cuda-driver --enable-checking=release --build=x86_64-linux-gnu --host=x86_64-linux-gnu --target=x86_64-linux-gnu
Thread model: posix
gcc version 7.5.0 (Ubuntu 7.5.0-3ubuntu1~18.04) 
configure:13699: $? = 0
configure:13688: gcc -V >&5
gcc: error: unrecognized command line option '-V'
gcc: fatal error: no input files
compilation terminated.
configure:13699: $? = 1
configure:13688: gcc -qversion >&5
gcc: error: unrecognized command line option '-qversion'; did you mean '--version'?
gcc: fatal error: no input files
compilation terminated.
configure:13699: $? = 1
configure:13703: checking whether we are using the GNU C compiler
configure:13731: result: yes
configure:13740: checking whether gcc accepts -g
configure:13801: result: yes
configure:13818: checking for gcc option to accept ISO C89
configure:13894: result: none needed
configure:13919: checking whether gcc understands -c and -o together
configure:13956: result: yes
configure:13975: checking dependency style of gcc
configure:14086: result: gcc3
configure:14101: checking for gcc option to accept ISO C99
configure:14250: gcc  -c -g -O2  conftest.c >&5
configure:14250: $? = 0
configure:14263: result: none needed
configure:14337: checking for g++
configure:14353: found /usr/bin/g++
configure:14364: result: g++
configure:14391: checking for C++ compiler version
configure:14400: g++ --version >&5
g++ (Ubuntu 7.5.0-3ubuntu1~18.04) 7.5.0
Copyright (C) 2017 Free Software Foundation, Inc.
This is free software; see the source for copying conditions.  There is NO
warranty; not even for MERCHANTABILITY or FITNESS FOR A PARTICULAR PURPOSE.

configure:14411: $? = 0
configure:14400: g++ -v >&5
Using built-in specs.
COLLECT_GCC=g++
COLLECT_LTO_WRAPPER=/usr/lib/gcc/x86_64-linux-gnu/7/lto-wrapper
OFFLOAD_TARGET_NAMES=nvptx-none
OFFLOAD_TARGET_DEFAULT=1
Target: x86_64-linux-gnu
Configured with: ../src/configure -v --with-pkgversion='Ubuntu 7.5.0-3ubuntu1~18.04' --with-bugurl=file:///usr/share/doc/gcc-7/README.Bugs --enable-languages=c,ada,c++,go,brig,d,fortran,objc,obj-c++ --prefix=/usr --with-gcc-major-version-only --program-suffix=-7 --program-prefix=x86_64-linux-gnu- --enable-shared --enable-linker-build-id --libexecdir=/usr/lib --without-included-gettext --enable-threads=posix --libdir=/usr/lib --enable-nls --enable-bootstrap --enable-clocale=gnu --enable-libstdcxx-debug --enable-libstdcxx-time=yes --with-default-libstdcxx-abi=new --enable-gnu-unique-object --disable-vtable-verify --enable-libmpx --enable-plugin --enable-default-pie --with-system-zlib --with-target-system-zlib --enable-objc-gc=auto --enable-multiarch --disable-werror --with-arch-32=i686 --with-abi=m64 --with-multilib-list=m32,m64,mx32 --enable-multilib --with-tune=generic --enable-offload-targets=nvptx-none --without-cuda-driver --enable-checking=release --build=x86_64-linux-gnu --host=x86_64-linux-gnu --target=x86_64-linux-gnu
Thread model: posix
gcc version 7.5.0 (Ubuntu 7.5.0-3ubuntu1~18.04) 
configure:14411: $? = 0
configure:14400: g++ -V >&5
g++: error: unrecognized command line option '-V'
g++: fatal error: no input files
compilation terminated.
configure:14411: $? = 1
configure:14400: g++ -qversion >&5
g++: error: unrecognized command line option '-qversion'; did you mean '--version'?
g++: fatal error: no input files
compilation terminated.
configure:14411: $? = 1
configure:14415: checking whether we are using the GNU C++ compiler
configure:14434: g++ -c   conftest.cpp >&5
configure:14434: $? = 0
configure:14443: result: yes
configure:14452: checking whether g++ accepts -g
configure:14472: g++ -c -g  conftest.cpp >&5
configure:14472: $? = 0
configure:14513: result: yes
configure:14538: checking dependency style of g++
configure:14649: result: gcc3
configure:14682: checking how to run the C++ preprocessor
configure:14709: g++ -E  conftest.cpp
configure:14709: $? = 0
configure:14723: g++ -E  conftest.cpp
conftest.cpp:21:10: fatal error: ac_nonexistent.h: No such file or directory
 #include <ac_nonexistent.h>
          ^~~~~~~~~~~~~~~~~~
compilation terminated.
configure:14723: $? = 1
configure: failed program was:
| /* confdefs.h */
| #define PACKAGE_NAME "HarfBuzz"
| #define PACKAGE_TARNAME "harfbuzz"
| #define PACKAGE_VERSION "2.7.4"
| #define PACKAGE_STRING "HarfBuzz 2.7.4"
| #define PACKAGE_BUGREPORT "https://github.com/harfbuzz/harfbuzz/issues/new"
| #define PACKAGE_URL "http://harfbuzz.org/"
| #define STDC_HEADERS 1
| #define HAVE_SYS_TYPES_H 1
| #define HAVE_SYS_STAT_H 1
| #define HAVE_STDLIB_H 1
| #define HAVE_STRING_H 1
| #define HAVE_MEMORY_H 1
| #define HAVE_STRINGS_H 1
| #define HAVE_INTTYPES_H 1
| #define HAVE_STDINT_H 1
| #define HAVE_UNISTD_H 1
| #define HAVE_DLFCN_H 1
| #define LT_OBJDIR ".libs/"
| /* end confdefs.h.  */
| #include <ac_nonexistent.h>
configure:14748: result: g++ -E
configure:14768: g++ -E  conftest.cpp
configure:14768: $? = 0
configure:14782: g++ -E  conftest.cpp
conftest.cpp:21:10: fatal error: ac_nonexistent.h: No such file or directory
 #include <ac_nonexistent.h>
          ^~~~~~~~~~~~~~~~~~
compilation terminated.
configure:14782: $? = 1
configure: failed program was:
| /* confdefs.h */
| #define PACKAGE_NAME "HarfBuzz"
| #define PACKAGE_TARNAME "harfbuzz"
| #define PACKAGE_VERSION "2.7.4"
| #define PACKAGE_STRING "HarfBuzz 2.7.4"
| #define PACKAGE_BUGREPORT "https://github.com/harfbuzz/harfbuzz/issues/new"
| #define PACKAGE_URL "http://harfbuzz.org/"
| #define STDC_HEADERS 1
| #define HAVE_SYS_TYPES_H 1
| #define HAVE_SYS_STAT_H 1
| #define HAVE_STDLIB_H 1
| #define HAVE_STRING_H 1
| #define HAVE_MEMORY_H 1
| #define HAVE_STRINGS_H 1
| #define HAVE_INTTYPES_H 1
| #define HAVE_STDINT_H 1
| #define HAVE_UNISTD_H 1
| #define HAVE_DLFCN_H 1
| #define LT_OBJDIR ".libs/"
| /* end confdefs.h.  */
| #include <ac_nonexistent.h>
configure:14944: checking for ld used by g++
configure:15011: result: /usr/bin/ld -m elf_x86_64
configure:15018: checking if the linker (/usr/bin/ld -m elf_x86_64) is GNU ld
configure:15033: result: yes
configure:15088: checking whether the g++ linker (/usr/bin/ld -m elf_x86_64) supports shared libraries
configure:16161: result: yes
configure:16197: g++ -c -g -O2  conftest.cpp >&5
configure:16200: $? = 0
configure:16681: checking for g++ option to produce PIC
configure:16688: result: -fPIC -DPIC
configure:16696: checking if g++ PIC flag -fPIC -DPIC works
configure:16714: g++ -c -g -O2  -fPIC -DPIC -DPIC conftest.cpp >&5
configure:16718: $? = 0
configure:16731: result: yes
configure:16754: checking if g++ static flag -static works
configure:16782: result: yes
configure:16794: checking if g++ supports -c -o file.o
configure:16815: g++ -c -g -O2  -o out/conftest2.o conftest.cpp >&5
configure:16819: $? = 0
configure:16841: result: yes
configure:16846: checking if g++ supports -c -o file.o
configure:16893: result: yes
configure:16923: checking whether the g++ linker (/usr/bin/ld -m elf_x86_64) supports shared libraries
configure:16966: result: yes
configure:17107: checking dynamic linker characteristics
configure:17864: result: GNU/Linux ld.so
configure:17929: checking how to hardcode library paths into programs
configure:17954: result: immediate
configure:18001: checking whether g++ supports C++11 features by default
configure:18295: g++ -c -g -O2  conftest.cpp >&5
configure:18295: $? = 0
configure:18302: result: yes
configure:18986: checking for special C compiler options needed for large files
configure:19031: result: no
configure:19037: checking for _FILE_OFFSET_BITS value needed for large files
configure:19062: gcc -c -g -O2  conftest.c >&5
configure:19062: $? = 0
configure:19094: result: no
configure:19233: checking for pkg-config
configure:19251: found /usr/bin/pkg-config
configure:19263: result: /usr/bin/pkg-config
configure:19288: checking pkg-config is at least version 0.28
configure:19291: result: yes
configure:19359: checking for atexit
configure:19359: gcc -o conftest -g -O2   conftest.c  >&5
configure:19359: $? = 0
configure:19359: result: yes
configure:19359: checking for mprotect
configure:19359: gcc -o conftest -g -O2   conftest.c  >&5
configure:19359: $? = 0
configure:19359: result: yes
configure:19359: checking for sysconf
configure:19359: gcc -o conftest -g -O2   conftest.c  >&5
configure:19359: $? = 0
configure:19359: result: yes
configure:19359: checking for getpagesize
configure:19359: gcc -o conftest -g -O2   conftest.c  >&5
configure:19359: $? = 0
configure:19359: result: yes
configure:19359: checking for mmap
configure:19359: gcc -o conftest -g -O2   conftest.c  >&5
configure:19359: $? = 0
configure:19359: result: yes
configure:19359: checking for isatty
configure:19359: gcc -o conftest -g -O2   conftest.c  >&5
configure:19359: $? = 0
configure:19359: result: yes
configure:19371: checking for unistd.h
configure:19371: result: yes
configure:19371: checking sys/mman.h usability
configure:19371: gcc -c -g -O2  conftest.c >&5
configure:19371: $? = 0
configure:19371: result: yes
configure:19371: checking sys/mman.h presence
configure:19371: gcc -E  conftest.c
configure:19371: $? = 0
configure:19371: result: yes
configure:19371: checking for sys/mman.h
configure:19371: result: yes
configure:19371: checking stdbool.h usability
configure:19371: gcc -c -g -O2  conftest.c >&5
configure:19371: $? = 0
configure:19371: result: yes
configure:19371: checking stdbool.h presence
configure:19371: gcc -E  conftest.c
configure:19371: $? = 0
configure:19371: result: yes
configure:19371: checking for stdbool.h
configure:19371: result: yes
configure:19386: checking alignment of struct{char;}
configure:19391: gcc -o conftest -g -O2   conftest.c  >&5
conftest.c:67:37: warning: declaration does not declare anything
 typedef struct { char x; struct{char;} y; } ac__type_alignof_;
                                     ^
configure:19391: $? = 0
configure:19391: ./conftest
configure:19391: $? = 0
configure:19409: result: 1
configure:19422: checking whether the linker accepts -Bsymbolic-functions
configure:19441: gcc -o conftest -g -O2    -Bsymbolic-functions conftest.c  >&5
configure:19441: $? = 0
configure:19450: result: yes
configure:19496: checking for native Win32
configure:19503: result: no
configure:19698: checking whether gcc is Clang
configure:19723: result: no
configure:19846: checking whether pthreads work with -pthread
configure:19940: gcc -o conftest -g -O2 -pthread   -Bsymbolic-functions conftest.c   >&5
configure:19940: $? = 0
configure:19949: result: yes
configure:19968: checking for joinable pthread attribute
configure:19986: gcc -o conftest -g -O2 -pthread   -Bsymbolic-functions conftest.c   >&5
configure:19986: $? = 0
configure:19994: result: PTHREAD_CREATE_JOINABLE
configure:20008: checking whether more special flags are required for pthreads
configure:20021: result: no
configure:20029: checking for PTHREAD_PRIO_INHERIT
configure:20045: gcc -o conftest -g -O2 -pthread   -Bsymbolic-functions conftest.c   >&5
configure:20045: $? = 0
configure:20054: result: yes
configure:20183: checking for GLIB
configure:20190: $PKG_CONFIG --exists --print-errors "$GLIB_DEPS"
configure:20193: $? = 0
configure:20207: $PKG_CONFIG --exists --print-errors "$GLIB_DEPS"
configure:20210: $? = 0
configure:20248: result: yes
configure:20401: checking for CAIRO
configure:20408: $PKG_CONFIG --exists --print-errors "cairo >= 1.8.0"
Package cairo was not found in the pkg-config search path.
Perhaps you should add the directory containing `cairo.pc'
to the PKG_CONFIG_PATH environment variable
No package 'cairo' found
configure:20411: $? = 1
configure:20425: $PKG_CONFIG --exists --print-errors "cairo >= 1.8.0"
Package cairo was not found in the pkg-config search path.
Perhaps you should add the directory containing `cairo.pc'
to the PKG_CONFIG_PATH environment variable
No package 'cairo' found
configure:20428: $? = 1
configure:20442: result: no
No package 'cairo' found
configure:20589: checking for FONTCONFIG
configure:20596: $PKG_CONFIG --exists --print-errors "fontconfig"
Package fontconfig was not found in the pkg-config search path.
Perhaps you should add the directory containing `fontconfig.pc'
to the PKG_CONFIG_PATH environment variable
No package 'fontconfig' found
configure:20599: $? = 1
configure:20613: $PKG_CONFIG --exists --print-errors "fontconfig"
Package fontconfig was not found in the pkg-config search path.
Perhaps you should add the directory containing `fontconfig.pc'
to the PKG_CONFIG_PATH environment variable
No package 'fontconfig' found
configure:20616: $? = 1
configure:20630: result: no
No package 'fontconfig' found
configure:20689: checking for ICU
configure:20696: $PKG_CONFIG --exists --print-errors "icu-uc"
Package icu-uc was not found in the pkg-config search path.
Perhaps you should add the directory containing `icu-uc.pc'
to the PKG_CONFIG_PATH environment variable
No package 'icu-uc' found
configure:20699: $? = 1
configure:20713: $PKG_CONFIG --exists --print-errors "icu-uc"
Package icu-uc was not found in the pkg-config search path.
Perhaps you should add the directory containing `icu-uc.pc'
to the PKG_CONFIG_PATH environment variable
No package 'icu-uc' found
configure:20716: $? = 1
configure:20730: result: no
No package 'icu-uc' found
configure:20926: checking for FREETYPE
configure:20933: $PKG_CONFIG --exists --print-errors "$FREETYPE_DEPS"
Package freetype2 was not found in the pkg-config search path.
Perhaps you should add the directory containing `freetype2.pc'
to the PKG_CONFIG_PATH environment variable
No package 'freetype2' found
configure:20936: $? = 1
configure:20950: $PKG_CONFIG --exists --print-errors "$FREETYPE_DEPS"
Package freetype2 was not found in the pkg-config search path.
Perhaps you should add the directory containing `freetype2.pc'
to the PKG_CONFIG_PATH environment variable
No package 'freetype2' found
configure:20953: $? = 1
configure:20967: result: no
No package 'freetype2' found
configure:21350: checking that generated files are newer than configure
configure:21356: result: done
configure:21467: creating ./config.status

## ---------------------- ##
## Running config.status. ##
## ---------------------- ##

This file was extended by HarfBuzz config.status 2.7.4, which was
generated by GNU Autoconf 2.69.  Invocation command line was

  CONFIG_FILES    = 
  CONFIG_HEADERS  = 
  CONFIG_LINKS    = 
  CONFIG_COMMANDS = 
  $ ./config.status 

on mlxprojects

config.status:1367: creating Makefile
config.status:1367: creating src/Makefile
config.status:1367: creating src/harfbuzz-config.cmake
config.status:1367: creating util/Makefile
config.status:1367: creating test/Makefile
config.status:1367: creating test/api/Makefile
config.status:1367: creating test/fuzzing/Makefile
config.status:1367: creating test/shaping/Makefile
config.status:1367: creating test/shaping/data/Makefile
config.status:1367: creating test/shaping/data/aots/Makefile
config.status:1367: creating test/shaping/data/in-house/Makefile
config.status:1367: creating test/shaping/data/text-rendering-tests/Makefile
config.status:1367: creating test/subset/Makefile
config.status:1367: creating test/subset/data/Makefile
config.status:1367: creating docs/Makefile
config.status:1367: creating docs/version.xml
config.status:1367: creating config.h
config.status:1596: executing depfiles commands
config.status:1596: executing libtool commands
configure:23901:

Autotools is no longer our supported build system for building the library
for *nix distributions, please migrate to meson.


configure:23939:

Build configuration:

Unicode callbacks (you want at least one):
	Builtin			true
	Glib:			true
	ICU:			false

Font callbacks (the more the merrier):
	FreeType:		false

Tools used for command-line utilities:
	Cairo:			false
	Fontconfig:		false

Additional shapers:
	Graphite2:		false

Platform shapers (not normally needed):
	CoreText:		false
	DirectWrite:		false
	GDI:			false
	Uniscribe:		false

Other features:
	Documentation:		
	GObject bindings:	false
	Introspection:		false


## ---------------- ##
## Cache variables. ##
## ---------------- ##

ac_cv_alignof_struct_char__=1
ac_cv_build=x86_64-pc-linux-gnu
ac_cv_c_compiler_gnu=yes
ac_cv_cxx_compiler_gnu=yes
ac_cv_env_CAIRO_CFLAGS_set=
ac_cv_env_CAIRO_CFLAGS_value=
ac_cv_env_CAIRO_FT_CFLAGS_set=
ac_cv_env_CAIRO_FT_CFLAGS_value=
ac_cv_env_CAIRO_FT_LIBS_set=
ac_cv_env_CAIRO_FT_LIBS_value=
ac_cv_env_CAIRO_LIBS_set=
ac_cv_env_CAIRO_LIBS_value=
ac_cv_env_CCC_set=
ac_cv_env_CCC_value=
ac_cv_env_CC_set=
ac_cv_env_CC_value=
ac_cv_env_CFLAGS_set=
ac_cv_env_CFLAGS_value=
ac_cv_env_CPPFLAGS_set=
ac_cv_env_CPPFLAGS_value=
ac_cv_env_CPP_set=
ac_cv_env_CPP_value=
ac_cv_env_CXXCPP_set=
ac_cv_env_CXXCPP_value=
ac_cv_env_CXXFLAGS_set=
ac_cv_env_CXXFLAGS_value=
ac_cv_env_CXX_set=
ac_cv_env_CXX_value=
ac_cv_env_FONTCONFIG_CFLAGS_set=
ac_cv_env_FONTCONFIG_CFLAGS_value=
ac_cv_env_FONTCONFIG_LIBS_set=
ac_cv_env_FONTCONFIG_LIBS_value=
ac_cv_env_FREETYPE_CFLAGS_set=
ac_cv_env_FREETYPE_CFLAGS_value=
ac_cv_env_FREETYPE_LIBS_set=
ac_cv_env_FREETYPE_LIBS_value=
ac_cv_env_GLIB_CFLAGS_set=
ac_cv_env_GLIB_CFLAGS_value=
ac_cv_env_GLIB_LIBS_set=
ac_cv_env_GLIB_LIBS_value=
ac_cv_env_GOBJECT_CFLAGS_set=
ac_cv_env_GOBJECT_CFLAGS_value=
ac_cv_env_GOBJECT_LIBS_set=
ac_cv_env_GOBJECT_LIBS_value=
ac_cv_env_GRAPHITE2_CFLAGS_set=
ac_cv_env_GRAPHITE2_CFLAGS_value=
ac_cv_env_GRAPHITE2_LIBS_set=
ac_cv_env_GRAPHITE2_LIBS_value=
ac_cv_env_ICU_CFLAGS_set=
ac_cv_env_ICU_CFLAGS_value=
ac_cv_env_ICU_LIBS_set=
ac_cv_env_ICU_LIBS_value=
ac_cv_env_LDFLAGS_set=
ac_cv_env_LDFLAGS_value=
ac_cv_env_LIBS_set=
ac_cv_env_LIBS_value=
ac_cv_env_LT_SYS_LIBRARY_PATH_set=
ac_cv_env_LT_SYS_LIBRARY_PATH_value=
ac_cv_env_PKG_CONFIG_LIBDIR_set=
ac_cv_env_PKG_CONFIG_LIBDIR_value=
ac_cv_env_PKG_CONFIG_PATH_set=
ac_cv_env_PKG_CONFIG_PATH_value=
ac_cv_env_PKG_CONFIG_set=
ac_cv_env_PKG_CONFIG_value=
ac_cv_env_build_alias_set=
ac_cv_env_build_alias_value=
ac_cv_env_host_alias_set=
ac_cv_env_host_alias_value=
ac_cv_env_target_alias_set=
ac_cv_env_target_alias_value=
ac_cv_func_atexit=yes
ac_cv_func_getpagesize=yes
ac_cv_func_isatty=yes
ac_cv_func_mmap=yes
ac_cv_func_mprotect=yes
ac_cv_func_sysconf=yes
ac_cv_header_dlfcn_h=yes
ac_cv_header_inttypes_h=yes
ac_cv_header_memory_h=yes
ac_cv_header_stdbool_h=yes
ac_cv_header_stdc=yes
ac_cv_header_stdint_h=yes
ac_cv_header_stdlib_h=yes
ac_cv_header_string_h=yes
ac_cv_header_strings_h=yes
ac_cv_header_sys_mman_h=yes
ac_cv_header_sys_stat_h=yes
ac_cv_header_sys_types_h=yes
ac_cv_header_unistd_h=yes
ac_cv_host=x86_64-pc-linux-gnu
ac_cv_objext=o
ac_cv_path_EGREP='/bin/grep -E'
ac_cv_path_FGREP='/bin/grep -F'
ac_cv_path_GREP=/bin/grep
ac_cv_path_SED=/bin/sed
ac_cv_path_ac_pt_PKG_CONFIG=/usr/bin/pkg-config
ac_cv_path_install='/usr/bin/install -c'
ac_cv_path_lt_DD=/bin/dd
ac_cv_path_mkdir=/bin/mkdir
ac_cv_prog_AWK=mawk
ac_cv_prog_CPP='gcc -E'
ac_cv_prog_CXXCPP='g++ -E'
ac_cv_prog_ac_ct_AR=ar
ac_cv_prog_ac_ct_CC=gcc
ac_cv_prog_ac_ct_CXX=g++
ac_cv_prog_ac_ct_MANIFEST_TOOL=mt
ac_cv_prog_ac_ct_OBJDUMP=objdump
ac_cv_prog_ac_ct_RANLIB=ranlib
ac_cv_prog_ac_ct_STRIP=strip
ac_cv_prog_cc_c89=
ac_cv_prog_cc_c99=
ac_cv_prog_cc_g=yes
ac_cv_prog_cxx_g=yes
ac_cv_prog_make_make_set=yes
ac_cv_sys_file_offset_bits=no
ac_cv_sys_largefile_CC=no
am_cv_CC_dependencies_compiler_type=gcc3
am_cv_CXX_dependencies_compiler_type=gcc3
am_cv_ar_interface=ar
am_cv_make_support_nested_variables=yes
am_cv_prog_cc_c_o=yes
am_cv_prog_tar_ustar=gnutar
ax_cv_PTHREAD_CLANG=no
ax_cv_PTHREAD_JOINABLE_ATTR=PTHREAD_CREATE_JOINABLE
ax_cv_PTHREAD_PRIO_INHERIT=yes
ax_cv_PTHREAD_SPECIAL_FLAGS=no
ax_cv_check_ldflags___Bsymbolic_functions=yes
ax_cv_cxx_compile_cxx11=yes
lt_cv_ar_at_file=@
lt_cv_archive_cmds_need_lc=no
lt_cv_deplibs_check_method=pass_all
lt_cv_file_magic_cmd='$MAGIC_CMD'
lt_cv_file_magic_test_file=
lt_cv_ld_reload_flag=-r
lt_cv_nm_interface='BSD nm'
lt_cv_objdir=.libs
lt_cv_path_LD=/usr/bin/ld
lt_cv_path_LDCXX='/usr/bin/ld -m elf_x86_64'
lt_cv_path_NM='/usr/bin/nm -B'
lt_cv_path_mainfest_tool=no
lt_cv_prog_compiler_c_o=yes
lt_cv_prog_compiler_c_o_CXX=yes
lt_cv_prog_compiler_pic='-fPIC -DPIC'
lt_cv_prog_compiler_pic_CXX='-fPIC -DPIC'
lt_cv_prog_compiler_pic_works=yes
lt_cv_prog_compiler_pic_works_CXX=yes
lt_cv_prog_compiler_rtti_exceptions=no
lt_cv_prog_compiler_static_works=yes
lt_cv_prog_compiler_static_works_CXX=yes
lt_cv_prog_gnu_ld=yes
lt_cv_prog_gnu_ldcxx=yes
lt_cv_sharedlib_from_linklib_cmd='printf %s\n'
lt_cv_shlibpath_overrides_runpath=yes
lt_cv_sys_global_symbol_pipe='sed -n -e '\''s/^.*[	 ]\([ABCDGIRSTW][ABCDGIRSTW]*\)[	 ][	 ]*\([_A-Za-z][_A-Za-z0-9]*\)$/\1 \2 \2/p'\'' | sed '\''/ __gnu_lto/d'\'''
lt_cv_sys_global_symbol_to_c_name_address='sed -n -e '\''s/^: \(.*\) .*$/  {"\1", (void *) 0},/p'\'' -e '\''s/^[ABCDGIRSTW][ABCDGIRSTW]* .* \(.*\)$/  {"\1", (void *) \&\1},/p'\'''
lt_cv_sys_global_symbol_to_c_name_address_lib_prefix='sed -n -e '\''s/^: \(.*\) .*$/  {"\1", (void *) 0},/p'\'' -e '\''s/^[ABCDGIRSTW][ABCDGIRSTW]* .* \(lib.*\)$/  {"\1", (void *) \&\1},/p'\'' -e '\''s/^[ABCDGIRSTW][ABCDGIRSTW]* .* \(.*\)$/  {"lib\1", (void *) \&\1},/p'\'''
lt_cv_sys_global_symbol_to_cdecl='sed -n -e '\''s/^T .* \(.*\)$/extern int \1();/p'\'' -e '\''s/^[ABCDGIRSTW][ABCDGIRSTW]* .* \(.*\)$/extern char \1;/p'\'''
lt_cv_sys_global_symbol_to_import=
lt_cv_sys_max_cmd_len=1572864
lt_cv_to_host_file_cmd=func_convert_file_noop
lt_cv_to_tool_file_cmd=func_convert_file_noop
lt_cv_truncate_bin='/bin/dd bs=4096 count=1'
pkg_cv_GLIB_CFLAGS='-I/usr/include/glib-2.0 -I/usr/lib/x86_64-linux-gnu/glib-2.0/include'
pkg_cv_GLIB_LIBS=-lglib-2.0

## ----------------- ##
## Output variables. ##
## ----------------- ##














	@echo "Need to reconfigure with --enable-code-coverage"
	@echo "Need to reconfigure with --enable-code-coverage"
 $(CODE_COVERAGE_IGNORE_PATTERN);
 $(CODE_COVERAGE_OUTPUT_FILE);
#
#
#    $(PACKAGE_NAME)-$(PACKAGE_VERSION)-coverage)
#    $(PACKAGE_NAME)-$(PACKAGE_VERSION)-coverage.info)
#    (Default: $(top_builddir))
#    (Default: empty)
#    Multiple directories may be specified, separated by whitespace.
#    by lcov for code coverage. (Default:
#    collecting lcov instance. (Default: $CODE_COVERAGE_LCOV_OPTIONS_GCOVPATH)
#    genhtml instance. (Default: based on $CODE_COVERAGE_BRANCH_COVERAGE)
#    instance. (Default: $CODE_COVERAGE_GENHTML_OPTIONS_DEFAULT)
#    instance. (Default: $CODE_COVERAGE_LCOV_OPTIONS_DEFAULT)
#    instance. (Default: $CODE_COVERAGE_LCOV_RMOPTS_DEFAULT)
#    instances. (Default: $CODE_COVERAGE_LCOV_SHOPTS_DEFAULT)
#    instances. (Default: based on $CODE_COVERAGE_BRANCH_COVERAGE)
#    lcov instance. (Default: empty)
#    reports to be created. (Default:
#    set to 0 to disable it and leave empty to stay with the default.
#  - CODE_COVERAGE_BRANCH_COVERAGE: Set to 1 to enforce branch coverage,
#  - CODE_COVERAGE_DIRECTORY: Top-level directory for code coverage reporting.
#  - CODE_COVERAGE_GENHTML_OPTIONS: Extra options to pass to the genhtml
#  - CODE_COVERAGE_GENHTML_OPTIONS_DEFAULT: Extra options to pass to the
#  - CODE_COVERAGE_IGNORE_PATTERN: Extra glob pattern of files to ignore
#  - CODE_COVERAGE_LCOV_OPTIONS: Extra options to pass to the collecting lcov
#  - CODE_COVERAGE_LCOV_OPTIONS_DEFAULT: Extra options to pass to the
#  - CODE_COVERAGE_LCOV_OPTIONS_GCOVPATH: --gcov-tool pathtogcov
#  - CODE_COVERAGE_LCOV_RMOPTS: Extra options to pass to the filtering lcov
#  - CODE_COVERAGE_LCOV_RMOPTS_DEFAULT: Extra options to pass to the filtering
#  - CODE_COVERAGE_LCOV_SHOPTS: Extra options to shared between both lcov
#  - CODE_COVERAGE_LCOV_SHOPTS_DEFAULT: Extra options shared between both lcov
#  - CODE_COVERAGE_OUTPUT_DIRECTORY: Directory for generated code coverage
#  - CODE_COVERAGE_OUTPUT_FILE: Filename and path for the .info file generated
# $(PACKAGE_VERSION). In order to add the current git hash to the title,
# Capture code coverage data
# Code coverage
# Hook rule executed before code-coverage-capture, overridable by the user
# Optional variables
# Optional:
# The generated report will be titled using the $(PACKAGE_NAME) and
# Use recursive makes in order to ignore errors during check
# sanitizes the test-name: replaces with underscores: dashes and dots
# use the git-version-gen script, available online.
$(if $(CODE_COVERAGE_BRANCH_COVERAGE),\
'
--rc genhtml_branch_coverage=$(CODE_COVERAGE_BRANCH_COVERAGE))
--rc lcov_branch_coverage=$(CODE_COVERAGE_BRANCH_COVERAGE))
.PHONY: check-code-coverage code-coverage-capture code-coverage-capture-hook code-coverage-clean
ACLOCAL='${SHELL} /home/mlx/projects/libaroma/libs/harfbuzz-ng/missing aclocal-1.15'
AMDEPBACKSLASH='\'
AMDEP_FALSE='#'
AMDEP_TRUE=''
AMTAR='$${TAR-tar}'
AM_BACKSLASH='\'
AM_DEFAULT_V='$(AM_DEFAULT_VERBOSITY)'
AM_DEFAULT_VERBOSITY='0'
AM_DISTCHECK_CONFIGURE_FLAGS += --disable-code-coverage
AM_DISTCHECK_CONFIGURE_FLAGS ?=
AM_V='$(V)'
AR='ar'
AUTOCONF='${SHELL} /home/mlx/projects/libaroma/libs/harfbuzz-ng/missing autoconf'
AUTOHEADER='${SHELL} /home/mlx/projects/libaroma/libs/harfbuzz-ng/missing autoheader'
AUTOMAKE='${SHELL} /home/mlx/projects/libaroma/libs/harfbuzz-ng/missing automake-1.15'
AWK='mawk'
CAIRO_CFLAGS=''
CAIRO_FT_CFLAGS=''
CAIRO_FT_LIBS=''
CAIRO_LIBS=''
CC='gcc'
CCDEPMODE='depmode=gcc3'
CFLAGS='-g -O2'
CODE_COVERAGE_BRANCH_COVERAGE ?=
CODE_COVERAGE_CFLAGS=''
CODE_COVERAGE_CPPFLAGS=''
CODE_COVERAGE_CXXFLAGS=''
CODE_COVERAGE_DIRECTORY ?= $(top_builddir)
CODE_COVERAGE_ENABLED='no'
CODE_COVERAGE_ENABLED_FALSE=''
CODE_COVERAGE_ENABLED_TRUE='#'
CODE_COVERAGE_GENHTML_OPTIONS ?= $(CODE_COVERAGE_GENHTML_OPTIONS_DEFAULT)
CODE_COVERAGE_GENHTML_OPTIONS_DEFAULT ?=\
CODE_COVERAGE_IGNORE_PATTERN ?=
CODE_COVERAGE_LCOV_OPTIONS ?= $(CODE_COVERAGE_LCOV_OPTIONS_DEFAULT)
CODE_COVERAGE_LCOV_OPTIONS_DEFAULT ?= $(CODE_COVERAGE_LCOV_OPTIONS_GCOVPATH)
CODE_COVERAGE_LCOV_OPTIONS_GCOVPATH ?= --gcov-tool "$(GCOV)"
CODE_COVERAGE_LCOV_RMOPTS ?= $(CODE_COVERAGE_LCOV_RMOPTS_DEFAULT)
CODE_COVERAGE_LCOV_RMOPTS_DEFAULT ?=
CODE_COVERAGE_LCOV_SHOPTS ?= $(CODE_COVERAGE_LCOV_SHOPTS_DEFAULT)
CODE_COVERAGE_LCOV_SHOPTS_DEFAULT ?= $(if $(CODE_COVERAGE_BRANCH_COVERAGE),\
CODE_COVERAGE_LDFLAGS=''
CODE_COVERAGE_LIBS=''
CODE_COVERAGE_OUTPUT_DIRECTORY ?= $(PACKAGE_NAME)-$(PACKAGE_VERSION)-coverage
CODE_COVERAGE_OUTPUT_FILE ?= $(PACKAGE_NAME)-$(PACKAGE_VERSION)-coverage.info
CODE_COVERAGE_RULES='
CORETEXT_CFLAGS=''
CORETEXT_LIBS=''
CPP='gcc -E'
CPPFLAGS=''
CXX='g++'
CXXCPP='g++ -E'
CXXDEPMODE='depmode=gcc3'
CXXFLAGS='-fno-rtti -g -O2 -fno-exceptions -fno-threadsafe-statics -fvisibility-inlines-hidden'
CYGPATH_W='echo'
DEFS='-DHAVE_CONFIG_H'
DEPDIR='.deps'
DIRECTWRITE_CXXFLAGS=''
DIRECTWRITE_LIBS=''
DLLTOOL='false'
DSYMUTIL=''
DUMPBIN=''
ECHO_C=''
ECHO_N='-n'
ECHO_T=''
EGREP='/bin/grep -E'
ENABLE_GTK_DOC_FALSE=''
ENABLE_GTK_DOC_TRUE='#'
EXEEXT=''
FGREP='/bin/grep -F'
FONTCONFIG_CFLAGS=''
FONTCONFIG_LIBS=''
FREETYPE_CFLAGS=''
FREETYPE_DEPS='freetype2 >= 12.0.6'
FREETYPE_LIBS=''
GCOV=''
GDI_CFLAGS=''
GDI_LIBS=''
GENHTML=''
GIT='${SHELL} /home/mlx/projects/libaroma/libs/harfbuzz-ng/missing git'
GITIGNOREFILES += $(CODE_COVERAGE_OUTPUT_FILE) $(CODE_COVERAGE_OUTPUT_DIRECTORY)
GITIGNOREFILES ?=
GLIB_CFLAGS='-I/usr/include/glib-2.0 -I/usr/lib/x86_64-linux-gnu/glib-2.0/include'
GLIB_DEPS='glib-2.0 >= 2.19.1'
GLIB_LIBS='-lglib-2.0'
GLIB_MKENUMS=''
GOBJECT_CFLAGS=''
GOBJECT_LIBS=''
GRAPHITE2_CFLAGS=''
GRAPHITE2_DEPS='graphite2 >= 1.2.0'
GRAPHITE2_LIBS=''
GREP='/bin/grep'
HAVE_CAIRO_FALSE=''
HAVE_CAIRO_FT_FALSE=''
HAVE_CAIRO_FT_TRUE='#'
HAVE_CAIRO_TRUE='#'
HAVE_CORETEXT_FALSE=''
HAVE_CORETEXT_TRUE='#'
HAVE_CXX11='1'
HAVE_DIRECTWRITE_FALSE=''
HAVE_DIRECTWRITE_TRUE='#'
HAVE_FONTCONFIG_FALSE=''
HAVE_FONTCONFIG_TRUE='#'
HAVE_FREETYPE_FALSE=''
HAVE_FREETYPE_TRUE='#'
HAVE_GCC_FALSE='#'
HAVE_GCC_TRUE=''
HAVE_GDI_FALSE=''
HAVE_GDI_TRUE='#'
HAVE_GLIB_FALSE='#'
HAVE_GLIB_TRUE=''
HAVE_GOBJECT_FALSE=''
HAVE_GOBJECT_TRUE='#'
HAVE_GRAPHITE2_FALSE=''
HAVE_GRAPHITE2_TRUE='#'
HAVE_ICU_BUILTIN_FALSE=''
HAVE_ICU_BUILTIN_TRUE='#'
HAVE_ICU_FALSE=''
HAVE_ICU_TRUE='#'
HAVE_INTROSPECTION_FALSE=''
HAVE_INTROSPECTION_TRUE='#'
HAVE_PTHREAD_FALSE='#'
HAVE_PTHREAD_TRUE=''
HAVE_UNISCRIBE_FALSE=''
HAVE_UNISCRIBE_TRUE='#'
HB_LIBTOOL_VERSION_INFO='20704:0:20704'
HB_VERSION='2.7.4'
HB_VERSION_MAJOR='2'
HB_VERSION_MICRO='4'
HB_VERSION_MINOR='7'
ICU_CFLAGS=''
ICU_LIBS=''
INSTALL_DATA='${INSTALL} -m 644'
INSTALL_PROGRAM='${INSTALL}'
INSTALL_SCRIPT='${INSTALL}'
INSTALL_STRIP_PROGRAM='$(install_sh) -c -s'
LCOV=''
LD='/usr/bin/ld -m elf_x86_64'
LDFLAGS=' -Bsymbolic-functions'
LIBOBJS=''
LIBS=''
LIBTOOL='$(SHELL) $(top_builddir)/libtool'
LIPO=''
LN_S='ln -s'
LTLIBOBJS=''
LT_SYS_LIBRARY_PATH=''
MAKEINFO='${SHELL} /home/mlx/projects/libaroma/libs/harfbuzz-ng/missing makeinfo'
MANIFEST_TOOL=':'
MKDIR_P='/bin/mkdir -p'
NM='/usr/bin/nm -B'
NMEDIT=''
OBJDUMP='objdump'
OBJEXT='o'
OS_WIN32_FALSE=''
OS_WIN32_TRUE='#'
OTOOL64=''
OTOOL=''
PACKAGE='harfbuzz'
PACKAGE_BUGREPORT='https://github.com/harfbuzz/harfbuzz/issues/new'
PACKAGE_NAME='HarfBuzz'
PACKAGE_STRING='HarfBuzz 2.7.4'
PACKAGE_TARNAME='harfbuzz'
PACKAGE_URL='http://harfbuzz.org/'
PACKAGE_VERSION='2.7.4'
PATH_SEPARATOR=':'
PKG_CONFIG='/usr/bin/pkg-config'
PKG_CONFIG_LIBDIR=''
PKG_CONFIG_PATH=''
PTHREAD_CC='gcc'
PTHREAD_CFLAGS='-pthread'
PTHREAD_LIBS=''
RAGEL='${SHELL} /home/mlx/projects/libaroma/libs/harfbuzz-ng/missing ragel'
RANLIB='ranlib'
SED='/bin/sed'
SET_MAKE=''
SHELL='/bin/bash'
STRIP='strip'
UNISCRIBE_CFLAGS=''
UNISCRIBE_LIBS=''
VERSION='2.7.4'
WITH_LIBSTDCXX_FALSE=''
WITH_LIBSTDCXX_TRUE='#'
ac_ct_AR='ar'
ac_ct_CC='gcc'
ac_ct_CXX='g++'
ac_ct_DUMPBIN=''
am__EXEEXT_FALSE=''
am__EXEEXT_TRUE='#'
am__fastdepCC_FALSE='#'
am__fastdepCC_TRUE=''
am__fastdepCXX_FALSE='#'
am__fastdepCXX_TRUE=''
am__include='include'
am__isrc=''
am__leading_dot='.'
am__nodep='_no'
am__quote=''
am__tar='tar --format=ustar -chf - "$$tardir"'
am__untar='tar -xf -'
ax_pthread_config=''
bindir='${exec_prefix}/bin'
build='x86_64-pc-linux-gnu'
build_alias=''
build_cpu='x86_64'
build_os='linux-gnu'
build_vendor='pc'
check-code-coverage:
code-coverage-capture-hook:
code-coverage-capture: code-coverage-capture-hook
code_coverage_quiet = $(code_coverage_quiet_$(V))
code_coverage_quiet_ = $(code_coverage_quiet_$(AM_DEFAULT_VERBOSITY))
code_coverage_quiet_0 = --quiet
code_coverage_sanitize = $(subst -,_,$(subst .,_,$(1)))
code_coverage_v_genhtml = $(code_coverage_v_genhtml_$(V))
code_coverage_v_genhtml_ = $(code_coverage_v_genhtml_$(AM_DEFAULT_VERBOSITY))
code_coverage_v_genhtml_0 = @echo "  GEN   " $(CODE_COVERAGE_OUTPUT_DIRECTORY);
code_coverage_v_lcov_cap = $(code_coverage_v_lcov_cap_$(V))
code_coverage_v_lcov_cap_ = $(code_coverage_v_lcov_cap_$(AM_DEFAULT_VERBOSITY))
code_coverage_v_lcov_cap_0 = @echo "  LCOV   --capture"\
code_coverage_v_lcov_ign = $(code_coverage_v_lcov_ign_$(V))
code_coverage_v_lcov_ign_ = $(code_coverage_v_lcov_ign_$(AM_DEFAULT_VERBOSITY))
code_coverage_v_lcov_ign_0 = @echo "  LCOV   --remove /tmp/*"\
datadir='${datarootdir}'
datarootdir='${prefix}/share'
docdir='${datarootdir}/doc/${PACKAGE_TARNAME}'
dvidir='${docdir}'
exec_prefix='${prefix}'
have_gobject='false'
host='x86_64-pc-linux-gnu'
host_alias=''
host_cpu='x86_64'
host_os='linux-gnu'
host_vendor='pc'
htmldir='${docdir}'
includedir='${prefix}/include'
infodir='${datarootdir}/info'
install_sh='${SHELL} /home/mlx/projects/libaroma/libs/harfbuzz-ng/install-sh'
libdir='${exec_prefix}/lib'
libexecdir='${exec_prefix}/libexec'
localedir='${datarootdir}/locale'
localstatedir='${prefix}/var'
mandir='${datarootdir}/man'
mkdir_p='$(MKDIR_P)'
oldincludedir='/usr/include'
pdfdir='${docdir}'
prefix='/usr/local'
program_transform_name='s,x,x,'
psdir='${docdir}'
runstatedir='${localstatedir}/run'
sbindir='${exec_prefix}/sbin'
sharedstatedir='${prefix}/com'
sysconfdir='${prefix}/etc'
target_alias=''

## ----------- ##
## confdefs.h. ##
## ----------- ##

/* confdefs.h */
#define PACKAGE_NAME "HarfBuzz"
#define PACKAGE_TARNAME "harfbuzz"
#define PACKAGE_VERSION "2.7.4"
#define PACKAGE_STRING "HarfBuzz 2.7.4"
#define PACKAGE_BUGREPORT "https://github.com/harfbuzz/harfbuzz/issues/new"
#define PACKAGE_URL "http://harfbuzz.org/"
#define STDC_HEADERS 1
#define HAVE_SYS_TYPES_H 1
#define HAVE_SYS_STAT_H 1
#define HAVE_STDLIB_H 1
#define HAVE_STRING_H 1
#define HAVE_MEMORY_H 1
#define HAVE_STRINGS_H 1
#define HAVE_INTTYPES_H 1
#define HAVE_STDINT_H 1
#define HAVE_UNISTD_H 1
#define HAVE_DLFCN_H 1
#define LT_OBJDIR ".libs/"
#define HAVE_CXX11 1
#define HAVE_ATEXIT 1
#define HAVE_MPROTECT 1
#define HAVE_SYSCONF 1
#define HAVE_GETPAGESIZE 1
#define HAVE_MMAP 1
#define HAVE_ISATTY 1
#define HAVE_UNISTD_H 1
#define HAVE_SYS_MMAN_H 1
#define HAVE_STDBOOL_H 1
#define ALIGNOF_STRUCT_CHAR__ 1
#define HAVE_PTHREAD_PRIO_INHERIT 1
#define HAVE_PTHREAD 1
#define HAVE_GLIB 1

configure: exit 0
